<?xml version="1.0" encoding="UTF-8"?>
<testng-results ignored="0" total="1" passed="1" failed="0" skipped="0">
  <reporter-output>
  </reporter-output>
  <suite started-at="2023-03-16T22:13:48 GMT" name="Default suite" finished-at="2023-03-16T22:13:49 GMT" duration-ms="35">
    <groups>
    </groups>
    <test started-at="2023-03-16T22:13:48 GMT" name="Default test" finished-at="2023-03-16T22:13:49 GMT" duration-ms="35">
      <class name="JavaConcepts.PS1">
        <test-method is-config="true" signature="BfMethod()[pri:0, instance:JavaConcepts.PS1@e1de817]" started-at="2023-03-16T22:13:48 GMT" name="BfMethod" finished-at="2023-03-16T22:13:48 GMT" duration-ms="3" status="PASS">
          <reporter-output>
          </reporter-output>
        </test-method> <!-- BfMethod -->
        <test-method signature="callMethodofPSclass()[pri:0, instance:JavaConcepts.PS1@e1de817]" started-at="2023-03-16T22:13:48 GMT" name="callMethodofPSclass" finished-at="2023-03-16T22:13:48 GMT" duration-ms="5" status="PASS">
          <reporter-output>
          </reporter-output>
        </test-method> <!-- callMethodofPSclass -->
        <test-method is-config="true" signature="afMethod()[pri:0, instance:JavaConcepts.PS1@e1de817]" started-at="2023-03-16T22:13:49 GMT" name="afMethod" finished-at="2023-03-16T22:13:49 GMT" duration-ms="1" status="PASS">
          <reporter-output>
          </reporter-output>
        </test-method> <!-- afMethod -->
      </class> <!-- JavaConcepts.PS1 -->
    </test> <!-- Default test -->
  </suite> <!-- Default suite -->
</testng-results>
